<?xml version="1.0" encoding="UTF-8"?>
<testsuite xmlns:xsi="http://www.w3.org/2001/XMLSchema-instance" xsi:noNamespaceSchemaLocation="https://maven.apache.org/surefire/maven-surefire-plugin/xsd/surefire-test-report.xsd" name="linearalgebra.VectorTest" time="0.05" tests="24" errors="1" skipped="0" failures="5">
  <properties>
    <property name="sun.desktop" value="gnome"/>
    <property name="awt.toolkit" value="sun.awt.X11.XToolkit"/>
    <property name="java.specification.version" value="11"/>
    <property name="sun.cpu.isalist" value=""/>
    <property name="sun.jnu.encoding" value="UTF-8"/>
    <property name="java.class.path" value="/home/pratham/ST project/ST-Project/target/test-classes:/home/pratham/ST project/ST-Project/target/classes:/home/pratham/.m2/repository/junit/junit/4.11/junit-4.11.jar:/home/pratham/.m2/repository/org/hamcrest/hamcrest-core/1.3/hamcrest-core-1.3.jar:"/>
    <property name="java.vm.vendor" value="Ubuntu"/>
    <property name="sun.arch.data.model" value="64"/>
    <property name="java.vendor.url" value="https://ubuntu.com/"/>
    <property name="user.timezone" value=""/>
    <property name="java.vm.specification.version" value="11"/>
    <property name="os.name" value="Linux"/>
    <property name="sun.java.launcher" value="SUN_STANDARD"/>
    <property name="user.country" value="US"/>
    <property name="sun.boot.library.path" value="/usr/lib/jvm/java-11-openjdk-amd64/lib"/>
    <property name="sun.java.command" value="/home/pratham/ST project/ST-Project/target/surefire/surefirebooter10443259338755813919.jar /home/pratham/ST project/ST-Project/target/surefire 2023-11-25T15-00-52_632-jvmRun1 surefire7852368592421942127tmp surefire_01360342261883618741tmp"/>
    <property name="jdk.debug" value="release"/>
    <property name="surefire.test.class.path" value="/home/pratham/ST project/ST-Project/target/test-classes:/home/pratham/ST project/ST-Project/target/classes:/home/pratham/.m2/repository/junit/junit/4.11/junit-4.11.jar:/home/pratham/.m2/repository/org/hamcrest/hamcrest-core/1.3/hamcrest-core-1.3.jar:"/>
    <property name="sun.cpu.endian" value="little"/>
    <property name="user.home" value="/home/pratham"/>
    <property name="user.language" value="en"/>
    <property name="java.specification.vendor" value="Oracle Corporation"/>
    <property name="java.version.date" value="2023-08-24"/>
    <property name="java.home" value="/usr/lib/jvm/java-11-openjdk-amd64"/>
    <property name="file.separator" value="/"/>
    <property name="basedir" value="/home/pratham/ST project/ST-Project"/>
    <property name="java.vm.compressedOopsMode" value="32-bit"/>
    <property name="line.separator" value="&#10;"/>
    <property name="java.specification.name" value="Java Platform API Specification"/>
    <property name="java.vm.specification.vendor" value="Oracle Corporation"/>
    <property name="java.awt.graphicsenv" value="sun.awt.X11GraphicsEnvironment"/>
    <property name="surefire.real.class.path" value="/home/pratham/ST project/ST-Project/target/surefire/surefirebooter10443259338755813919.jar"/>
    <property name="sun.management.compiler" value="HotSpot 64-Bit Tiered Compilers"/>
    <property name="java.runtime.version" value="11.0.20.1+1-post-Ubuntu-0ubuntu122.04"/>
    <property name="user.name" value="pratham"/>
    <property name="path.separator" value=":"/>
    <property name="os.version" value="6.2.0-37-generic"/>
    <property name="java.runtime.name" value="OpenJDK Runtime Environment"/>
    <property name="file.encoding" value="UTF-8"/>
    <property name="java.vm.name" value="OpenJDK 64-Bit Server VM"/>
    <property name="localRepository" value="/home/pratham/.m2/repository"/>
    <property name="java.vendor.url.bug" value="https://bugs.launchpad.net/ubuntu/+source/openjdk-lts"/>
    <property name="java.io.tmpdir" value="/tmp"/>
    <property name="java.version" value="11.0.20.1"/>
    <property name="user.dir" value="/home/pratham/ST project/ST-Project"/>
    <property name="os.arch" value="amd64"/>
    <property name="java.vm.specification.name" value="Java Virtual Machine Specification"/>
    <property name="java.awt.printerjob" value="sun.print.PSPrinterJob"/>
    <property name="sun.os.patch.level" value="unknown"/>
    <property name="java.library.path" value="/usr/java/packages/lib:/usr/lib/x86_64-linux-gnu/jni:/lib/x86_64-linux-gnu:/usr/lib/x86_64-linux-gnu:/usr/lib/jni:/lib:/usr/lib"/>
    <property name="java.vm.info" value="mixed mode, sharing"/>
    <property name="java.vendor" value="Ubuntu"/>
    <property name="java.vm.version" value="11.0.20.1+1-post-Ubuntu-0ubuntu122.04"/>
    <property name="java.specification.maintenance.version" value="2"/>
    <property name="sun.io.unicode.encoding" value="UnicodeLittle"/>
    <property name="java.class.version" value="55.0"/>
  </properties>
  <testcase name="testAngleRadians" classname="linearalgebra.VectorTest" time="0.001"/>
  <testcase name="testVectorConstructor" classname="linearalgebra.VectorTest" time="0"/>
  <testcase name="testOrthogonalProjection" classname="linearalgebra.VectorTest" time="0"/>
  <testcase name="testCopyConstructor" classname="linearalgebra.VectorTest" time="0"/>
  <testcase name="testAdd" classname="linearalgebra.VectorTest" time="0"/>
  <testcase name="testDot" classname="linearalgebra.VectorTest" time="0"/>
  <testcase name="testGet" classname="linearalgebra.VectorTest" time="0"/>
  <testcase name="testSet" classname="linearalgebra.VectorTest" time="0.005">
    <failure message="arrays first differed at element [0]; expected:&lt;1.0&gt; but was:&lt;0.0&gt;" type="org.junit.internal.ArrayComparisonFailure"><![CDATA[org.junit.internal.ArrayComparisonFailure: arrays first differed at element [0]; expected:<1.0> but was:<0.0>
	at linearalgebra.VectorTest.testSet(VectorTest.java:109)
]]></failure>
  </testcase>
  <testcase name="testMagnitude" classname="linearalgebra.VectorTest" time="0"/>
  <testcase name="testSubtract" classname="linearalgebra.VectorTest" time="0"/>
  <testcase name="testAngleDegrees" classname="linearalgebra.VectorTest" time="0.001"/>
  <testcase name="testGetEntries" classname="linearalgebra.VectorTest" time="0"/>
  <testcase name="testIdentityVector" classname="linearalgebra.VectorTest" time="0.001"/>
  <testcase name="testCross" classname="linearalgebra.VectorTest" time="0.001">
    <failure message="arrays first differed at element [2]; expected:&lt;0.0&gt; but was:&lt;1.0&gt;" type="org.junit.internal.ArrayComparisonFailure"><![CDATA[org.junit.internal.ArrayComparisonFailure: arrays first differed at element [2]; expected:<0.0> but was:<1.0>
	at linearalgebra.VectorTest.testCross(VectorTest.java:401)
]]></failure>
  </testcase>
  <testcase name="testPNorm" classname="linearalgebra.VectorTest" time="0.001">
    <failure message="expected:&lt;3.0&gt; but was:&lt;6.0&gt;" type="java.lang.AssertionError"><![CDATA[java.lang.AssertionError: expected:<3.0> but was:<6.0>
	at linearalgebra.VectorTest.testPNorm(VectorTest.java:297)
]]></failure>
  </testcase>
  <testcase name="testInverseVector" classname="linearalgebra.VectorTest" time="0"/>
  <testcase name="testLinearCombination" classname="linearalgebra.VectorTest" time="0.001">
    <failure message="arrays first differed at element [0]; expected:&lt;1.0&gt; but was:&lt;2.0&gt;" type="org.junit.internal.ArrayComparisonFailure"><![CDATA[org.junit.internal.ArrayComparisonFailure: arrays first differed at element [0]; expected:<1.0> but was:<2.0>
	at linearalgebra.VectorTest.testLinearCombination(VectorTest.java:491)
]]></failure>
  </testcase>
  <testcase name="testScalarTripleProduct" classname="linearalgebra.VectorTest" time="0"/>
  <testcase name="testIsCanonicalBasisVector" classname="linearalgebra.VectorTest" time="0.001"/>
  <testcase name="testSetEntries" classname="linearalgebra.VectorTest" time="0"/>
  <testcase name="testNormalize" classname="linearalgebra.VectorTest" time="0">
    <error type="java.lang.IllegalArgumentException">java.lang.IllegalArgumentException
	at linearalgebra.VectorTest.testNormalize(VectorTest.java:282)
</error>
  </testcase>
  <testcase name="testMultiply" classname="linearalgebra.VectorTest" time="0"/>
  <testcase name="testIsZero" classname="linearalgebra.VectorTest" time="0.001"/>
  <testcase name="testLength" classname="linearalgebra.VectorTest" time="0.001">
    <failure message="expected:&lt;0&gt; but was:&lt;3&gt;" type="java.lang.AssertionError"><![CDATA[java.lang.AssertionError: expected:<0> but was:<3>
	at linearalgebra.VectorTest.testLength(VectorTest.java:240)
]]></failure>
  </testcase>
</testsuite>